Using pre-set license
Built from '2021.1/staging' branch; Version is '2021.1.6f1 (c0fade0cc7e9) revision 12647134'; Using compiler version '192528614'; Build Type 'Release'
OS: 'Windows 10 Pro; OS build 19045.2486; Version 2009; 64bit' Language: 'ru' Physical Memory: 7805 MB
BatchMode: 1, IsHumanControllingUs: 0, StartBugReporterOnCrash: 0, Is64bit: 1, IsPro: 0

 COMMAND LINE ARGUMENTS:
C:\Program Files\Unity 2021.1.6f1\Editor\Unity.exe
-adb2
-batchMode
-noUpm
-name
AssetImportWorker4
-projectPath
G:/Учеба/C#/Unity задачи/SkyRoads2
-logFile
Logs/AssetImportWorker4.log
-srvPort
59370
Successfully changed project path to: G:/Учеба/C#/Unity задачи/SkyRoads2
G:/Учеба/C#/Unity задачи/SkyRoads2
Using Asset Import Pipeline V2.
Refreshing native plugins compatible for Editor in 547.77 ms, found 1 plugins.
Preloading 0 native plugins for Editor in 0.00 ms.
Initialize engine version: 2021.1.6f1 (c0fade0cc7e9)
[Subsystems] Discovering subsystems at path C:/Program Files/Unity 2021.1.6f1/Editor/Data/Resources/UnitySubsystems
[Subsystems] Discovering subsystems at path G:/Учеба/C#/Unity задачи/SkyRoads2/Assets
GfxDevice: creating device client; threaded=0; jobified=0
Direct3D:
    Version:  Direct3D 11.0 [level 11.0]
    Renderer: Intel(R) HD Graphics (ID=0x156)
    Vendor:   Intel
    VRAM:     128 MB
    Driver:   10.18.10.5161
Shader 'Custom/AdditiveTintable': fallback shader 'Particles/Additive (Soft)' not found
Initialize mono
Mono path[0] = 'C:/Program Files/Unity 2021.1.6f1/Editor/Data/Managed'
Mono path[1] = 'C:/Program Files/Unity 2021.1.6f1/Editor/Data/MonoBleedingEdge/lib/mono/unityjit'
Mono config path = 'C:/Program Files/Unity 2021.1.6f1/Editor/Data/MonoBleedingEdge/etc'
Using monoOptions --debugger-agent=transport=dt_socket,embedding=1,server=y,suspend=n,address=127.0.0.1:56780
Begin MonoManager ReloadAssembly
Registering precompiled unity dll's ...
Register platform support module: C:/Program Files/Unity 2021.1.6f1/Editor/Data/PlaybackEngines/WindowsStandaloneSupport/UnityEditor.WindowsStandalone.Extensions.dll
Registered in 0.017696 seconds.
Native extension for WindowsStandalone target not found
Refreshing native plugins compatible for Editor in 595.68 ms, found 1 plugins.
Preloading 0 native plugins for Editor in 0.00 ms.
Mono: successfully reloaded assembly
- Completed reload, in  7.534 seconds
Platform modules already initialized, skipping
Registering precompiled user dll's ...
Registered in 0.007937 seconds.
Begin MonoManager ReloadAssembly
Native extension for WindowsStandalone target not found
Refreshing native plugins compatible for Editor in 0.87 ms, found 1 plugins.
Preloading 0 native plugins for Editor in 0.00 ms.
Mono: successfully reloaded assembly
- Completed reload, in  7.216 seconds
Platform modules already initialized, skipping
========================================================================
Worker process is ready to serve import requests
Shader 'Custom/AdditiveTintable': fallback shader 'Particles/Additive (Soft)' not found
Launched and connected shader compiler UnityShaderCompiler.exe after 0.30 seconds
Refreshing native plugins compatible for Editor in 1.34 ms, found 1 plugins.
Preloading 0 native plugins for Editor in 0.00 ms.
Unloading 2695 Unused Serialized files (Serialized files now loaded: 0)
System memory in use before: 103.1 MB.
System memory in use after: 102.5 MB.

Unloading 18 unused Assets to reduce memory usage. Loaded Objects now: 3151.
Total: 4.781100 ms (FindLiveObjects: 0.439300 ms CreateObjectMapping: 0.373800 ms MarkObjects: 3.428000 ms  DeleteObjects: 0.537200 ms)

========================================================================
Received Import Request.
  path: Assets/Scripts/Timer.cs
  artifactKey: Guid(0e0cfd22b0770db4dbcbc11f96de437a) Importer(815301076,1909f56bfc062723c751e8b465ee728b)
Start importing Assets/Scripts/Timer.cs using Guid(0e0cfd22b0770db4dbcbc11f96de437a) Importer(815301076,1909f56bfc062723c751e8b465ee728b)  -> (artifact id: '00000000000000000000000000000000') in 0.216812 seconds  code(4) message(Build asset version error: assets/scripts/timer.cs in SourceAssetDB has modification time of '2023-11-12T16:47:45.9349276Z' while content on disk has modification time of '2023-11-12T16:50:18.130215Z')
  ERROR: Build asset version error: assets/scripts/timer.cs in SourceAssetDB has modification time of '2023-11-12T16:47:45.9349276Z' while content on disk has modification time of '2023-11-12T16:50:18.130215Z'
========================================================================
Received Prepare
Registering precompiled user dll's ...
Registered in 0.005877 seconds.
Begin MonoManager ReloadAssembly
Native extension for WindowsStandalone target not found
Refreshing native plugins compatible for Editor in 0.90 ms, found 1 plugins.
Preloading 0 native plugins for Editor in 0.00 ms.
Mono: successfully reloaded assembly
- Completed reload, in 11.510 seconds
Platform modules already initialized, skipping
Shader 'Custom/AdditiveTintable': fallback shader 'Particles/Additive (Soft)' not found
Refreshing native plugins compatible for Editor in 0.92 ms, found 1 plugins.
Preloading 0 native plugins for Editor in 0.00 ms.
Unloading 2685 Unused Serialized files (Serialized files now loaded: 0)
System memory in use before: 102.5 MB.
System memory in use after: 102.0 MB.

Unloading 13 unused Assets to reduce memory usage. Loaded Objects now: 3154.
Total: 4.289700 ms (FindLiveObjects: 0.316100 ms CreateObjectMapping: 0.217600 ms MarkObjects: 2.855800 ms  DeleteObjects: 0.896600 ms)

========================================================================
Received Prepare
Registering precompiled user dll's ...
Registered in 0.043742 seconds.
Begin MonoManager ReloadAssembly
Native extension for WindowsStandalone target not found
Refreshing native plugins compatible for Editor in 3.06 ms, found 1 plugins.
Preloading 0 native plugins for Editor in 0.00 ms.
Mono: successfully reloaded assembly
- Completed reload, in  6.851 seconds
Platform modules already initialized, skipping
Shader 'Custom/AdditiveTintable': fallback shader 'Particles/Additive (Soft)' not found
Refreshing native plugins compatible for Editor in 0.90 ms, found 1 plugins.
Preloading 0 native plugins for Editor in 0.00 ms.
Unloading 2685 Unused Serialized files (Serialized files now loaded: 0)
System memory in use before: 102.6 MB.
System memory in use after: 102.0 MB.

Unloading 13 unused Assets to reduce memory usage. Loaded Objects now: 3157.
Total: 9.567600 ms (FindLiveObjects: 1.008600 ms CreateObjectMapping: 3.840900 ms MarkObjects: 4.295700 ms  DeleteObjects: 0.418800 ms)

========================================================================
Received Prepare
Registering precompiled user dll's ...
Registered in 0.015722 seconds.
Begin MonoManager ReloadAssembly
Native extension for WindowsStandalone target not found
Refreshing native plugins compatible for Editor in 0.99 ms, found 1 plugins.
Preloading 0 native plugins for Editor in 0.00 ms.
Mono: successfully reloaded assembly
- Completed reload, in  6.029 seconds
Platform modules already initialized, skipping
Shader 'Custom/AdditiveTintable': fallback shader 'Particles/Additive (Soft)' not found
Refreshing native plugins compatible for Editor in 2.00 ms, found 1 plugins.
Preloading 0 native plugins for Editor in 0.00 ms.
Unloading 2685 Unused Serialized files (Serialized files now loaded: 0)
System memory in use before: 102.6 MB.
System memory in use after: 102.1 MB.

Unloading 13 unused Assets to reduce memory usage. Loaded Objects now: 3160.
Total: 4.741900 ms (FindLiveObjects: 0.323300 ms CreateObjectMapping: 0.241100 ms MarkObjects: 2.975100 ms  DeleteObjects: 1.199300 ms)

========================================================================
Received Prepare
Registering precompiled user dll's ...
Registered in 0.016006 seconds.
Begin MonoManager ReloadAssembly
Native extension for WindowsStandalone target not found
Refreshing native plugins compatible for Editor in 1.26 ms, found 1 plugins.
Preloading 0 native plugins for Editor in 0.00 ms.
Mono: successfully reloaded assembly
- Completed reload, in  7.073 seconds
Platform modules already initialized, skipping
Shader 'Custom/AdditiveTintable': fallback shader 'Particles/Additive (Soft)' not found
Refreshing native plugins compatible for Editor in 2.22 ms, found 1 plugins.
Preloading 0 native plugins for Editor in 0.00 ms.
Unloading 2685 Unused Serialized files (Serialized files now loaded: 0)
System memory in use before: 102.6 MB.
System memory in use after: 102.1 MB.

Unloading 13 unused Assets to reduce memory usage. Loaded Objects now: 3163.
Total: 3.888100 ms (FindLiveObjects: 0.307900 ms CreateObjectMapping: 0.226200 ms MarkObjects: 2.921200 ms  DeleteObjects: 0.429600 ms)

========================================================================
Received Prepare
Registering precompiled user dll's ...
Registered in 0.011680 seconds.
Begin MonoManager ReloadAssembly
Native extension for WindowsStandalone target not found
Refreshing native plugins compatible for Editor in 1.05 ms, found 1 plugins.
Preloading 0 native plugins for Editor in 0.00 ms.
Mono: successfully reloaded assembly
- Completed reload, in  6.139 seconds
Platform modules already initialized, skipping
Shader 'Custom/AdditiveTintable': fallback shader 'Particles/Additive (Soft)' not found
Refreshing native plugins compatible for Editor in 1.21 ms, found 1 plugins.
Preloading 0 native plugins for Editor in 0.00 ms.
Unloading 2685 Unused Serialized files (Serialized files now loaded: 0)
System memory in use before: 102.6 MB.
System memory in use after: 102.1 MB.

Unloading 13 unused Assets to reduce memory usage. Loaded Objects now: 3166.
Total: 4.115800 ms (FindLiveObjects: 0.393900 ms CreateObjectMapping: 0.255200 ms MarkObjects: 2.948500 ms  DeleteObjects: 0.515500 ms)

========================================================================
Received Prepare
Registering precompiled user dll's ...
Registered in 0.005961 seconds.
Begin MonoManager ReloadAssembly
Native extension for WindowsStandalone target not found
Refreshing native plugins compatible for Editor in 1.03 ms, found 1 plugins.
Preloading 0 native plugins for Editor in 0.00 ms.
Mono: successfully reloaded assembly
- Completed reload, in  5.063 seconds
Platform modules already initialized, skipping
Shader 'Custom/AdditiveTintable': fallback shader 'Particles/Additive (Soft)' not found
Refreshing native plugins compatible for Editor in 1.46 ms, found 1 plugins.
Preloading 0 native plugins for Editor in 0.00 ms.
Unloading 2685 Unused Serialized files (Serialized files now loaded: 0)
System memory in use before: 102.6 MB.
System memory in use after: 102.1 MB.

Unloading 13 unused Assets to reduce memory usage. Loaded Objects now: 3169.
Total: 5.310000 ms (FindLiveObjects: 0.336800 ms CreateObjectMapping: 0.234900 ms MarkObjects: 3.862600 ms  DeleteObjects: 0.872700 ms)

========================================================================
Received Prepare
Registering precompiled user dll's ...
Registered in 0.006551 seconds.
Begin MonoManager ReloadAssembly
Native extension for WindowsStandalone target not found
Refreshing native plugins compatible for Editor in 1.04 ms, found 1 plugins.
Preloading 0 native plugins for Editor in 0.00 ms.
Mono: successfully reloaded assembly
- Completed reload, in  4.713 seconds
Platform modules already initialized, skipping
Shader 'Custom/AdditiveTintable': fallback shader 'Particles/Additive (Soft)' not found
Refreshing native plugins compatible for Editor in 1.03 ms, found 1 plugins.
Preloading 0 native plugins for Editor in 0.00 ms.
Unloading 2685 Unused Serialized files (Serialized files now loaded: 0)
System memory in use before: 102.6 MB.
System memory in use after: 102.1 MB.

Unloading 13 unused Assets to reduce memory usage. Loaded Objects now: 3172.
Total: 9.983100 ms (FindLiveObjects: 0.358500 ms CreateObjectMapping: 0.574600 ms MarkObjects: 5.518100 ms  DeleteObjects: 3.528500 ms)

========================================================================
Received Prepare
Registering precompiled user dll's ...
Registered in 0.005899 seconds.
Begin MonoManager ReloadAssembly
Native extension for WindowsStandalone target not found
Refreshing native plugins compatible for Editor in 1.35 ms, found 1 plugins.
Preloading 0 native plugins for Editor in 0.00 ms.
Mono: successfully reloaded assembly
- Completed reload, in  5.670 seconds
Platform modules already initialized, skipping
Shader 'Custom/AdditiveTintable': fallback shader 'Particles/Additive (Soft)' not found
Refreshing native plugins compatible for Editor in 1.71 ms, found 1 plugins.
Preloading 0 native plugins for Editor in 0.00 ms.
Unloading 2685 Unused Serialized files (Serialized files now loaded: 0)
System memory in use before: 102.6 MB.
System memory in use after: 102.1 MB.

Unloading 13 unused Assets to reduce memory usage. Loaded Objects now: 3175.
Total: 32.196800 ms (FindLiveObjects: 0.444000 ms CreateObjectMapping: 0.351900 ms MarkObjects: 30.823900 ms  DeleteObjects: 0.572900 ms)

========================================================================
Received Prepare
Registering precompiled user dll's ...
Registered in 0.267073 seconds.
Begin MonoManager ReloadAssembly
Native extension for WindowsStandalone target not found
Refreshing native plugins compatible for Editor in 1.99 ms, found 1 plugins.
Preloading 0 native plugins for Editor in 0.00 ms.
Mono: successfully reloaded assembly
- Completed reload, in 61.056 seconds
Platform modules already initialized, skipping
Shader 'Custom/AdditiveTintable': fallback shader 'Particles/Additive (Soft)' not found
Refreshing native plugins compatible for Editor in 15.34 ms, found 1 plugins.
Preloading 0 native plugins for Editor in 0.00 ms.
Unloading 2685 Unused Serialized files (Serialized files now loaded: 0)
System memory in use before: 102.7 MB.
System memory in use after: 102.1 MB.

Unloading 13 unused Assets to reduce memory usage. Loaded Objects now: 3178.
Total: 61.854400 ms (FindLiveObjects: 25.736700 ms CreateObjectMapping: 0.572200 ms MarkObjects: 33.701200 ms  DeleteObjects: 1.839900 ms)

========================================================================
Received Import Request.
  Time since last request: 5822.695098 seconds.
  path: Assets/Game.unity
  artifactKey: Guid(78551b0165b9e894c8c1e4b57acaeacc) Importer(815301076,1909f56bfc062723c751e8b465ee728b)
Start importing Assets/Game.unity using Guid(78551b0165b9e894c8c1e4b57acaeacc) Importer(815301076,1909f56bfc062723c751e8b465ee728b)  -> (artifact id: '6fd0075b48285e829d5293fc9d041ea1') in 0.034845 seconds 
========================================================================
Received Prepare
Registering precompiled user dll's ...
Registered in 0.013098 seconds.
Begin MonoManager ReloadAssembly
Native extension for WindowsStandalone target not found
Refreshing native plugins compatible for Editor in 0.99 ms, found 1 plugins.
Preloading 0 native plugins for Editor in 0.00 ms.
Mono: successfully reloaded assembly
- Completed reload, in  4.815 seconds
Platform modules already initialized, skipping
Shader 'Custom/AdditiveTintable': fallback shader 'Particles/Additive (Soft)' not found
Refreshing native plugins compatible for Editor in 1.35 ms, found 1 plugins.
Preloading 0 native plugins for Editor in 0.00 ms.
Unloading 2685 Unused Serialized files (Serialized files now loaded: 0)
System memory in use before: 102.7 MB.
System memory in use after: 102.1 MB.

Unloading 13 unused Assets to reduce memory usage. Loaded Objects now: 3181.
Total: 49.920800 ms (FindLiveObjects: 0.407700 ms CreateObjectMapping: 45.740400 ms MarkObjects: 2.888100 ms  DeleteObjects: 0.882100 ms)

========================================================================
Received Prepare
Registering precompiled user dll's ...
Registered in 0.023150 seconds.
Begin MonoManager ReloadAssembly
Native extension for WindowsStandalone target not found
Refreshing native plugins compatible for Editor in 1.79 ms, found 1 plugins.
Preloading 0 native plugins for Editor in 0.00 ms.
Mono: successfully reloaded assembly
- Completed reload, in  4.573 seconds
Platform modules already initialized, skipping
Shader 'Custom/AdditiveTintable': fallback shader 'Particles/Additive (Soft)' not found
Refreshing native plugins compatible for Editor in 1.04 ms, found 1 plugins.
Preloading 0 native plugins for Editor in 0.00 ms.
Unloading 2685 Unused Serialized files (Serialized files now loaded: 0)
System memory in use before: 102.7 MB.
System memory in use after: 102.1 MB.

Unloading 13 unused Assets to reduce memory usage. Loaded Objects now: 3184.
Total: 10.330400 ms (FindLiveObjects: 0.373000 ms CreateObjectMapping: 0.364800 ms MarkObjects: 8.330900 ms  DeleteObjects: 1.258700 ms)

========================================================================
Received Import Request.
  Time since last request: 1890.623498 seconds.
  path: Assets/Menu.unity
  artifactKey: Guid(fbcbbe0b25f49944b86a184ba6bd9780) Importer(815301076,1909f56bfc062723c751e8b465ee728b)
Start importing Assets/Menu.unity using Guid(fbcbbe0b25f49944b86a184ba6bd9780) Importer(815301076,1909f56bfc062723c751e8b465ee728b)  -> (artifact id: '3ff5f76f16e2f6cade6a5cf27762c366') in 0.280593 seconds 
========================================================================
Received Prepare
Registering precompiled user dll's ...
Registered in 0.016303 seconds.
Begin MonoManager ReloadAssembly
Native extension for WindowsStandalone target not found
Refreshing native plugins compatible for Editor in 11.66 ms, found 1 plugins.
Preloading 0 native plugins for Editor in 0.00 ms.
Mono: successfully reloaded assembly
- Completed reload, in  6.099 seconds
Platform modules already initialized, skipping
Shader 'Custom/AdditiveTintable': fallback shader 'Particles/Additive (Soft)' not found
Refreshing native plugins compatible for Editor in 1.07 ms, found 1 plugins.
Preloading 0 native plugins for Editor in 0.00 ms.
Unloading 2685 Unused Serialized files (Serialized files now loaded: 0)
System memory in use before: 102.7 MB.
System memory in use after: 102.2 MB.

Unloading 13 unused Assets to reduce memory usage. Loaded Objects now: 3187.
Total: 21.480500 ms (FindLiveObjects: 1.685800 ms CreateObjectMapping: 0.504500 ms MarkObjects: 18.804800 ms  DeleteObjects: 0.479000 ms)

========================================================================
Received Import Request.
  Time since last request: 534.531855 seconds.
  path: Assets/Game.unity
  artifactKey: Guid(78551b0165b9e894c8c1e4b57acaeacc) Importer(815301076,1909f56bfc062723c751e8b465ee728b)
Start importing Assets/Game.unity using Guid(78551b0165b9e894c8c1e4b57acaeacc) Importer(815301076,1909f56bfc062723c751e8b465ee728b)  -> (artifact id: '84874f086b9a586691582b19842c435b') in 0.051808 seconds 
========================================================================
Received Prepare
Registering precompiled user dll's ...
Registered in 0.012436 seconds.
Begin MonoManager ReloadAssembly
Native extension for WindowsStandalone target not found
Refreshing native plugins compatible for Editor in 1.98 ms, found 1 plugins.
Preloading 0 native plugins for Editor in 0.00 ms.
Mono: successfully reloaded assembly
- Completed reload, in  5.822 seconds
Platform modules already initialized, skipping
Shader 'Custom/AdditiveTintable': fallback shader 'Particles/Additive (Soft)' not found
Refreshing native plugins compatible for Editor in 5.87 ms, found 1 plugins.
Preloading 0 native plugins for Editor in 0.00 ms.
Unloading 2685 Unused Serialized files (Serialized files now loaded: 0)
System memory in use before: 102.7 MB.
System memory in use after: 102.2 MB.

Unloading 13 unused Assets to reduce memory usage. Loaded Objects now: 3190.
Total: 9.182300 ms (FindLiveObjects: 0.877000 ms CreateObjectMapping: 0.398000 ms MarkObjects: 7.334500 ms  DeleteObjects: 0.569500 ms)

========================================================================
Received Import Request.
  Time since last request: 80.553822 seconds.
  path: Assets/Game.unity
  artifactKey: Guid(78551b0165b9e894c8c1e4b57acaeacc) Importer(815301076,1909f56bfc062723c751e8b465ee728b)
Start importing Assets/Game.unity using Guid(78551b0165b9e894c8c1e4b57acaeacc) Importer(815301076,1909f56bfc062723c751e8b465ee728b)  -> (artifact id: '8080c361bd293c2e0557ef0d360df58a') in 0.040268 seconds 
========================================================================
Received Import Request.
  Time since last request: 9158.069792 seconds.
  path: Assets/Game.unity
  artifactKey: Guid(78551b0165b9e894c8c1e4b57acaeacc) Importer(815301076,1909f56bfc062723c751e8b465ee728b)
Start importing Assets/Game.unity using Guid(78551b0165b9e894c8c1e4b57acaeacc) Importer(815301076,1909f56bfc062723c751e8b465ee728b)  -> (artifact id: 'c0f8ef5bf7e1e857faa532c07330d1c7') in 0.017656 seconds 
========================================================================
Received Import Request.
  Time since last request: 1381.931675 seconds.
  path: Assets/Game.unity
  artifactKey: Guid(78551b0165b9e894c8c1e4b57acaeacc) Importer(815301076,1909f56bfc062723c751e8b465ee728b)
Start importing Assets/Game.unity using Guid(78551b0165b9e894c8c1e4b57acaeacc) Importer(815301076,1909f56bfc062723c751e8b465ee728b)  -> (artifact id: '56e42cf2f46a579c647bc957a83bb6c4') in 0.008457 seconds 
========================================================================
Received Prepare
Registering precompiled user dll's ...
Registered in 0.007836 seconds.
Begin MonoManager ReloadAssembly
Native extension for WindowsStandalone target not found
Refreshing native plugins compatible for Editor in 1.85 ms, found 1 plugins.
Preloading 0 native plugins for Editor in 0.00 ms.
Mono: successfully reloaded assembly
- Completed reload, in  4.480 seconds
Platform modules already initialized, skipping
Shader 'Custom/AdditiveTintable': fallback shader 'Particles/Additive (Soft)' not found
Refreshing native plugins compatible for Editor in 11.45 ms, found 1 plugins.
Preloading 0 native plugins for Editor in 0.00 ms.
Unloading 2685 Unused Serialized files (Serialized files now loaded: 0)
System memory in use before: 102.7 MB.
System memory in use after: 102.2 MB.

Unloading 13 unused Assets to reduce memory usage. Loaded Objects now: 3193.
Total: 95.604800 ms (FindLiveObjects: 1.062200 ms CreateObjectMapping: 90.503400 ms MarkObjects: 3.486400 ms  DeleteObjects: 0.549400 ms)

========================================================================
Received Import Request.
  Time since last request: 100.720052 seconds.
  path: Assets/Game.unity
  artifactKey: Guid(78551b0165b9e894c8c1e4b57acaeacc) Importer(815301076,1909f56bfc062723c751e8b465ee728b)
Start importing Assets/Game.unity using Guid(78551b0165b9e894c8c1e4b57acaeacc) Importer(815301076,1909f56bfc062723c751e8b465ee728b)  -> (artifact id: 'a2b9f3a18a0ef6176b711efcc61048fc') in 0.081984 seconds 
========================================================================
Received Prepare
Registering precompiled user dll's ...
Registered in 0.006813 seconds.
Begin MonoManager ReloadAssembly
Native extension for WindowsStandalone target not found
Refreshing native plugins compatible for Editor in 0.87 ms, found 1 plugins.
Preloading 0 native plugins for Editor in 0.00 ms.
Mono: successfully reloaded assembly
- Completed reload, in  4.822 seconds
Platform modules already initialized, skipping
Shader 'Custom/AdditiveTintable': fallback shader 'Particles/Additive (Soft)' not found
Refreshing native plugins compatible for Editor in 3.26 ms, found 1 plugins.
Preloading 0 native plugins for Editor in 0.00 ms.
Unloading 2685 Unused Serialized files (Serialized files now loaded: 0)
System memory in use before: 102.7 MB.
System memory in use after: 102.2 MB.

Unloading 13 unused Assets to reduce memory usage. Loaded Objects now: 3196.
Total: 4.415600 ms (FindLiveObjects: 0.321200 ms CreateObjectMapping: 0.215900 ms MarkObjects: 3.446900 ms  DeleteObjects: 0.428100 ms)

========================================================================
Received Import Request.
  Time since last request: 276.134666 seconds.
  path: Assets/Game.unity
  artifactKey: Guid(78551b0165b9e894c8c1e4b57acaeacc) Importer(815301076,1909f56bfc062723c751e8b465ee728b)
Start importing Assets/Game.unity using Guid(78551b0165b9e894c8c1e4b57acaeacc) Importer(815301076,1909f56bfc062723c751e8b465ee728b)  -> (artifact id: '2bad9021245d2ec752677ea2ea89067f') in 0.097684 seconds 
========================================================================
Received Import Request.
  Time since last request: 1.256104 seconds.
  path: Assets/Game.unity
  artifactKey: Guid(78551b0165b9e894c8c1e4b57acaeacc) Importer(815301076,1909f56bfc062723c751e8b465ee728b)
Start importing Assets/Game.unity using Guid(78551b0165b9e894c8c1e4b57acaeacc) Importer(815301076,1909f56bfc062723c751e8b465ee728b)  -> (artifact id: 'e85cdaadf14dcd3fecf9e12ad17abf40') in 0.008695 seconds 
========================================================================
Received Prepare
Registering precompiled user dll's ...
Registered in 0.148671 seconds.
Begin MonoManager ReloadAssembly
Native extension for WindowsStandalone target not found
Refreshing native plugins compatible for Editor in 0.84 ms, found 1 plugins.
Preloading 0 native plugins for Editor in 0.00 ms.
Mono: successfully reloaded assembly
- Completed reload, in  5.504 seconds
Platform modules already initialized, skipping
Shader 'Custom/AdditiveTintable': fallback shader 'Particles/Additive (Soft)' not found
Refreshing native plugins compatible for Editor in 6.64 ms, found 1 plugins.
Preloading 0 native plugins for Editor in 0.00 ms.
Unloading 2685 Unused Serialized files (Serialized files now loaded: 0)
System memory in use before: 102.8 MB.
System memory in use after: 102.2 MB.

Unloading 13 unused Assets to reduce memory usage. Loaded Objects now: 3199.
Total: 45.408300 ms (FindLiveObjects: 0.665500 ms CreateObjectMapping: 0.696300 ms MarkObjects: 43.480300 ms  DeleteObjects: 0.562500 ms)

========================================================================
Received Import Request.
  Time since last request: 1320.932323 seconds.
  path: Assets/Game.unity
  artifactKey: Guid(78551b0165b9e894c8c1e4b57acaeacc) Importer(815301076,1909f56bfc062723c751e8b465ee728b)
Start importing Assets/Game.unity using Guid(78551b0165b9e894c8c1e4b57acaeacc) Importer(815301076,1909f56bfc062723c751e8b465ee728b)  -> (artifact id: 'ed627cdd5ceb64fbd141887c703559b9') in 0.079603 seconds 
========================================================================
Received Prepare
Registering precompiled user dll's ...
Registered in 0.006426 seconds.
Begin MonoManager ReloadAssembly
Native extension for WindowsStandalone target not found
Refreshing native plugins compatible for Editor in 1.87 ms, found 1 plugins.
Preloading 0 native plugins for Editor in 0.00 ms.
Mono: successfully reloaded assembly
- Completed reload, in  6.938 seconds
Platform modules already initialized, skipping
Shader 'Custom/AdditiveTintable': fallback shader 'Particles/Additive (Soft)' not found
Refreshing native plugins compatible for Editor in 5.22 ms, found 1 plugins.
Preloading 0 native plugins for Editor in 0.00 ms.
Unloading 2685 Unused Serialized files (Serialized files now loaded: 0)
System memory in use before: 102.8 MB.
System memory in use after: 102.2 MB.

Unloading 13 unused Assets to reduce memory usage. Loaded Objects now: 3202.
Total: 17.358000 ms (FindLiveObjects: 0.689400 ms CreateObjectMapping: 0.399100 ms MarkObjects: 15.689800 ms  DeleteObjects: 0.576300 ms)

========================================================================
Received Prepare
Registering precompiled user dll's ...
Registered in 0.022479 seconds.
Begin MonoManager ReloadAssembly
Native extension for WindowsStandalone target not found
Refreshing native plugins compatible for Editor in 4.78 ms, found 1 plugins.
Preloading 0 native plugins for Editor in 0.00 ms.
Mono: successfully reloaded assembly
- Completed reload, in  6.719 seconds
Platform modules already initialized, skipping
Shader 'Custom/AdditiveTintable': fallback shader 'Particles/Additive (Soft)' not found
Refreshing native plugins compatible for Editor in 1.88 ms, found 1 plugins.
Preloading 0 native plugins for Editor in 0.00 ms.
Unloading 2685 Unused Serialized files (Serialized files now loaded: 0)
System memory in use before: 102.8 MB.
System memory in use after: 102.2 MB.

Unloading 13 unused Assets to reduce memory usage. Loaded Objects now: 3205.
Total: 134.329900 ms (FindLiveObjects: 0.575200 ms CreateObjectMapping: 32.234700 ms MarkObjects: 47.484200 ms  DeleteObjects: 54.030800 ms)

========================================================================
Received Prepare
Registering precompiled user dll's ...
Registered in 0.005863 seconds.
Begin MonoManager ReloadAssembly
Native extension for WindowsStandalone target not found
Refreshing native plugins compatible for Editor in 0.83 ms, found 1 plugins.
Preloading 0 native plugins for Editor in 0.00 ms.
Mono: successfully reloaded assembly
- Completed reload, in  3.085 seconds
Platform modules already initialized, skipping
Shader 'Custom/AdditiveTintable': fallback shader 'Particles/Additive (Soft)' not found
Refreshing native plugins compatible for Editor in 1.30 ms, found 1 plugins.
Preloading 0 native plugins for Editor in 0.00 ms.
Unloading 2685 Unused Serialized files (Serialized files now loaded: 0)
System memory in use before: 102.8 MB.
System memory in use after: 102.3 MB.

Unloading 13 unused Assets to reduce memory usage. Loaded Objects now: 3208.
Total: 8.895000 ms (FindLiveObjects: 0.437200 ms CreateObjectMapping: 0.606800 ms MarkObjects: 7.202600 ms  DeleteObjects: 0.645100 ms)

========================================================================
Received Prepare
Registering precompiled user dll's ...
Registered in 0.029383 seconds.
Begin MonoManager ReloadAssembly
Native extension for WindowsStandalone target not found
Refreshing native plugins compatible for Editor in 4.45 ms, found 1 plugins.
Preloading 0 native plugins for Editor in 0.00 ms.
Mono: successfully reloaded assembly
- Completed reload, in  3.634 seconds
Platform modules already initialized, skipping
Shader 'Custom/AdditiveTintable': fallback shader 'Particles/Additive (Soft)' not found
Refreshing native plugins compatible for Editor in 0.99 ms, found 1 plugins.
Preloading 0 native plugins for Editor in 0.00 ms.
Unloading 2685 Unused Serialized files (Serialized files now loaded: 0)
System memory in use before: 102.8 MB.
System memory in use after: 102.3 MB.

Unloading 13 unused Assets to reduce memory usage. Loaded Objects now: 3211.
Total: 4.548700 ms (FindLiveObjects: 0.334400 ms CreateObjectMapping: 0.369000 ms MarkObjects: 3.196400 ms  DeleteObjects: 0.646300 ms)

========================================================================
Received Prepare
Registering precompiled user dll's ...
Registered in 0.007689 seconds.
Begin MonoManager ReloadAssembly
Native extension for WindowsStandalone target not found
Refreshing native plugins compatible for Editor in 1.02 ms, found 1 plugins.
Preloading 0 native plugins for Editor in 0.00 ms.
Mono: successfully reloaded assembly
- Completed reload, in  2.592 seconds
Platform modules already initialized, skipping
Shader 'Custom/AdditiveTintable': fallback shader 'Particles/Additive (Soft)' not found
Refreshing native plugins compatible for Editor in 0.86 ms, found 1 plugins.
Preloading 0 native plugins for Editor in 0.00 ms.
Unloading 2685 Unused Serialized files (Serialized files now loaded: 0)
System memory in use before: 102.8 MB.
System memory in use after: 102.3 MB.

Unloading 13 unused Assets to reduce memory usage. Loaded Objects now: 3214.
Total: 5.754200 ms (FindLiveObjects: 1.565900 ms CreateObjectMapping: 0.529400 ms MarkObjects: 3.177000 ms  DeleteObjects: 0.478900 ms)

========================================================================
Received Prepare
Registering precompiled user dll's ...
Registered in 0.011054 seconds.
Begin MonoManager ReloadAssembly
Native extension for WindowsStandalone target not found
Refreshing native plugins compatible for Editor in 0.83 ms, found 1 plugins.
Preloading 0 native plugins for Editor in 0.00 ms.
Mono: successfully reloaded assembly
- Completed reload, in  6.172 seconds
Platform modules already initialized, skipping
Shader 'Custom/AdditiveTintable': fallback shader 'Particles/Additive (Soft)' not found
Refreshing native plugins compatible for Editor in 0.84 ms, found 1 plugins.
Preloading 0 native plugins for Editor in 0.00 ms.
Unloading 2685 Unused Serialized files (Serialized files now loaded: 0)
System memory in use before: 102.8 MB.
System memory in use after: 102.3 MB.

Unloading 13 unused Assets to reduce memory usage. Loaded Objects now: 3217.
Total: 13.775300 ms (FindLiveObjects: 0.330500 ms CreateObjectMapping: 0.421500 ms MarkObjects: 12.515800 ms  DeleteObjects: 0.504700 ms)

========================================================================
Received Prepare
Registering precompiled user dll's ...
Registered in 0.009045 seconds.
Begin MonoManager ReloadAssembly
Native extension for WindowsStandalone target not found
Refreshing native plugins compatible for Editor in 5.62 ms, found 1 plugins.
Preloading 0 native plugins for Editor in 0.00 ms.
Mono: successfully reloaded assembly
- Completed reload, in  8.968 seconds
Platform modules already initialized, skipping
Shader 'Custom/AdditiveTintable': fallback shader 'Particles/Additive (Soft)' not found
Refreshing native plugins compatible for Editor in 1.17 ms, found 1 plugins.
Preloading 0 native plugins for Editor in 0.00 ms.
Unloading 2685 Unused Serialized files (Serialized files now loaded: 0)
System memory in use before: 102.8 MB.
System memory in use after: 102.3 MB.

Unloading 13 unused Assets to reduce memory usage. Loaded Objects now: 3220.
Total: 8.304200 ms (FindLiveObjects: 0.629900 ms CreateObjectMapping: 0.345800 ms MarkObjects: 6.532800 ms  DeleteObjects: 0.792400 ms)

========================================================================
Received Prepare
Registering precompiled user dll's ...
Registered in 0.014072 seconds.
Begin MonoManager ReloadAssembly
Native extension for WindowsStandalone target not found
Refreshing native plugins compatible for Editor in 1.29 ms, found 1 plugins.
Preloading 0 native plugins for Editor in 0.00 ms.
Mono: successfully reloaded assembly
- Completed reload, in  5.773 seconds
Platform modules already initialized, skipping
Shader 'Custom/AdditiveTintable': fallback shader 'Particles/Additive (Soft)' not found
Refreshing native plugins compatible for Editor in 31.63 ms, found 1 plugins.
Preloading 0 native plugins for Editor in 0.00 ms.
Unloading 2685 Unused Serialized files (Serialized files now loaded: 0)
System memory in use before: 102.8 MB.
System memory in use after: 102.3 MB.

Unloading 13 unused Assets to reduce memory usage. Loaded Objects now: 3223.
Total: 23.743300 ms (FindLiveObjects: 0.594400 ms CreateObjectMapping: 0.426500 ms MarkObjects: 22.272500 ms  DeleteObjects: 0.446700 ms)

========================================================================
Received Prepare
Registering precompiled user dll's ...
Registered in 0.011478 seconds.
Begin MonoManager ReloadAssembly
Native extension for WindowsStandalone target not found
Refreshing native plugins compatible for Editor in 1.22 ms, found 1 plugins.
Preloading 0 native plugins for Editor in 0.00 ms.
Mono: successfully reloaded assembly
- Completed reload, in  4.336 seconds
Platform modules already initialized, skipping
Shader 'Custom/AdditiveTintable': fallback shader 'Particles/Additive (Soft)' not found
Refreshing native plugins compatible for Editor in 1.02 ms, found 1 plugins.
Preloading 0 native plugins for Editor in 0.00 ms.
Unloading 2685 Unused Serialized files (Serialized files now loaded: 0)
System memory in use before: 102.8 MB.
System memory in use after: 102.3 MB.

Unloading 13 unused Assets to reduce memory usage. Loaded Objects now: 3226.
Total: 37.461100 ms (FindLiveObjects: 0.478800 ms CreateObjectMapping: 0.560700 ms MarkObjects: 35.543100 ms  DeleteObjects: 0.875400 ms)

========================================================================
Received Prepare
Registering precompiled user dll's ...
Registered in 0.027425 seconds.
Begin MonoManager ReloadAssembly
Native extension for WindowsStandalone target not found
Refreshing native plugins compatible for Editor in 1.32 ms, found 1 plugins.
Preloading 0 native plugins for Editor in 0.00 ms.
Mono: successfully reloaded assembly
- Completed reload, in  4.777 seconds
Platform modules already initialized, skipping
Shader 'Custom/AdditiveTintable': fallback shader 'Particles/Additive (Soft)' not found
Refreshing native plugins compatible for Editor in 0.82 ms, found 1 plugins.
Preloading 0 native plugins for Editor in 0.00 ms.
Unloading 2685 Unused Serialized files (Serialized files now loaded: 0)
System memory in use before: 102.8 MB.
System memory in use after: 102.3 MB.

Unloading 13 unused Assets to reduce memory usage. Loaded Objects now: 3229.
Total: 4.569100 ms (FindLiveObjects: 0.426000 ms CreateObjectMapping: 0.367700 ms MarkObjects: 3.060600 ms  DeleteObjects: 0.711800 ms)

========================================================================
Received Prepare
Registering precompiled user dll's ...
Registered in 0.013645 seconds.
Begin MonoManager ReloadAssembly
Native extension for WindowsStandalone target not found
Refreshing native plugins compatible for Editor in 1.11 ms, found 1 plugins.
Preloading 0 native plugins for Editor in 0.00 ms.
Mono: successfully reloaded assembly
- Completed reload, in  4.714 seconds
Platform modules already initialized, skipping
Shader 'Custom/AdditiveTintable': fallback shader 'Particles/Additive (Soft)' not found
Refreshing native plugins compatible for Editor in 0.85 ms, found 1 plugins.
Preloading 0 native plugins for Editor in 0.00 ms.
Unloading 2685 Unused Serialized files (Serialized files now loaded: 0)
System memory in use before: 102.8 MB.
System memory in use after: 102.3 MB.

Unloading 13 unused Assets to reduce memory usage. Loaded Objects now: 3232.
Total: 41.396500 ms (FindLiveObjects: 0.599700 ms CreateObjectMapping: 0.273900 ms MarkObjects: 39.791200 ms  DeleteObjects: 0.726900 ms)

