Using pre-set license
Built from '2021.1/staging' branch; Version is '2021.1.6f1 (c0fade0cc7e9) revision 12647134'; Using compiler version '192528614'; Build Type 'Release'
OS: 'Windows 10 Pro; OS build 19045.2486; Version 2009; 64bit' Language: 'ru' Physical Memory: 7805 MB
BatchMode: 1, IsHumanControllingUs: 0, StartBugReporterOnCrash: 0, Is64bit: 1, IsPro: 0

 COMMAND LINE ARGUMENTS:
C:\Program Files\Unity 2021.1.6f1\Editor\Unity.exe
-adb2
-batchMode
-noUpm
-name
AssetImportWorker2
-projectPath
G:/Учеба/C#/Unity задачи/SkyRoads2
-logFile
Logs/AssetImportWorker2.log
-srvPort
50978
Successfully changed project path to: G:/Учеба/C#/Unity задачи/SkyRoads2
G:/Учеба/C#/Unity задачи/SkyRoads2
Using Asset Import Pipeline V2.
Refreshing native plugins compatible for Editor in 171.49 ms, found 1 plugins.
Preloading 0 native plugins for Editor in 0.00 ms.
Initialize engine version: 2021.1.6f1 (c0fade0cc7e9)
[Subsystems] Discovering subsystems at path C:/Program Files/Unity 2021.1.6f1/Editor/Data/Resources/UnitySubsystems
[Subsystems] Discovering subsystems at path G:/Учеба/C#/Unity задачи/SkyRoads2/Assets
GfxDevice: creating device client; threaded=0; jobified=0
Direct3D:
    Version:  Direct3D 11.0 [level 11.0]
    Renderer: Intel(R) HD Graphics (ID=0x156)
    Vendor:   Intel
    VRAM:     128 MB
    Driver:   10.18.10.5161
Shader 'Custom/AdditiveTintable': fallback shader 'Particles/Additive (Soft)' not found
Initialize mono
Mono path[0] = 'C:/Program Files/Unity 2021.1.6f1/Editor/Data/Managed'
Mono path[1] = 'C:/Program Files/Unity 2021.1.6f1/Editor/Data/MonoBleedingEdge/lib/mono/unityjit'
Mono config path = 'C:/Program Files/Unity 2021.1.6f1/Editor/Data/MonoBleedingEdge/etc'
Using monoOptions --debugger-agent=transport=dt_socket,embedding=1,server=y,suspend=n,address=127.0.0.1:56984
Begin MonoManager ReloadAssembly
Registering precompiled unity dll's ...
Register platform support module: C:/Program Files/Unity 2021.1.6f1/Editor/Data/PlaybackEngines/WindowsStandaloneSupport/UnityEditor.WindowsStandalone.Extensions.dll
Registered in 0.005485 seconds.
Native extension for WindowsStandalone target not found
Refreshing native plugins compatible for Editor in 161.99 ms, found 1 plugins.
Preloading 0 native plugins for Editor in 0.00 ms.
Mono: successfully reloaded assembly
- Completed reload, in  2.389 seconds
Platform modules already initialized, skipping
Registering precompiled user dll's ...
Registered in 0.005769 seconds.
Begin MonoManager ReloadAssembly
Native extension for WindowsStandalone target not found
Refreshing native plugins compatible for Editor in 0.81 ms, found 1 plugins.
Preloading 0 native plugins for Editor in 0.00 ms.
Mono: successfully reloaded assembly
- Completed reload, in  2.229 seconds
Platform modules already initialized, skipping
========================================================================
Worker process is ready to serve import requests
Shader 'Custom/AdditiveTintable': fallback shader 'Particles/Additive (Soft)' not found
Launched and connected shader compiler UnityShaderCompiler.exe after 0.11 seconds
Refreshing native plugins compatible for Editor in 1.30 ms, found 1 plugins.
Preloading 0 native plugins for Editor in 0.00 ms.
Unloading 2701 Unused Serialized files (Serialized files now loaded: 0)
System memory in use before: 103.3 MB.
System memory in use after: 102.7 MB.

Unloading 18 unused Assets to reduce memory usage. Loaded Objects now: 3157.
Total: 5.817100 ms (FindLiveObjects: 0.453400 ms CreateObjectMapping: 0.355400 ms MarkObjects: 4.445100 ms  DeleteObjects: 0.560400 ms)

========================================================================
Received Import Request.
  path: Assets/Prefabs/Asteroid.prefab
  artifactKey: Guid(9bd8af89a5a97104a8fdf1b09594b9aa) Importer(815301076,1909f56bfc062723c751e8b465ee728b)
Start importing Assets/Prefabs/Asteroid.prefab using Guid(9bd8af89a5a97104a8fdf1b09594b9aa) Importer(815301076,1909f56bfc062723c751e8b465ee728b)  -> (artifact id: 'e0d0e9efca088431f9d8922123407d33') in 0.319668 seconds 
========================================================================
Received Prepare
Registering precompiled user dll's ...
Registered in 0.005671 seconds.
Begin MonoManager ReloadAssembly
Native extension for WindowsStandalone target not found
Refreshing native plugins compatible for Editor in 1.74 ms, found 1 plugins.
Preloading 0 native plugins for Editor in 0.00 ms.
Mono: successfully reloaded assembly
- Completed reload, in  3.533 seconds
Platform modules already initialized, skipping
Shader 'Custom/AdditiveTintable': fallback shader 'Particles/Additive (Soft)' not found
Refreshing native plugins compatible for Editor in 0.91 ms, found 1 plugins.
Preloading 0 native plugins for Editor in 0.00 ms.
Unloading 2691 Unused Serialized files (Serialized files now loaded: 0)
System memory in use before: 106.4 MB.
System memory in use after: 105.9 MB.

Unloading 13 unused Assets to reduce memory usage. Loaded Objects now: 3167.
Total: 5.742100 ms (FindLiveObjects: 0.456800 ms CreateObjectMapping: 0.400600 ms MarkObjects: 4.469900 ms  DeleteObjects: 0.411200 ms)

========================================================================
Received Import Request.
  Time since last request: 361.942895 seconds.
  path: Assets/Scripts/Asteroid.cs
  artifactKey: Guid(af6660cd3b8cbc249a0f74119b8aaeb5) Importer(815301076,1909f56bfc062723c751e8b465ee728b)
Start importing Assets/Scripts/Asteroid.cs using Guid(af6660cd3b8cbc249a0f74119b8aaeb5) Importer(815301076,1909f56bfc062723c751e8b465ee728b)  -> (artifact id: '815b833071f0f33e6f5b8987c6e2caf2') in 0.031246 seconds 
========================================================================
Received Prepare
Registering precompiled user dll's ...
Registered in 0.007007 seconds.
Begin MonoManager ReloadAssembly
Native extension for WindowsStandalone target not found
Refreshing native plugins compatible for Editor in 1.40 ms, found 1 plugins.
Preloading 0 native plugins for Editor in 0.00 ms.
Mono: successfully reloaded assembly
- Completed reload, in  7.524 seconds
Platform modules already initialized, skipping
Shader 'Custom/AdditiveTintable': fallback shader 'Particles/Additive (Soft)' not found
Refreshing native plugins compatible for Editor in 8.51 ms, found 1 plugins.
Preloading 0 native plugins for Editor in 0.00 ms.
Unloading 2691 Unused Serialized files (Serialized files now loaded: 0)
System memory in use before: 106.4 MB.
System memory in use after: 105.9 MB.

Unloading 13 unused Assets to reduce memory usage. Loaded Objects now: 3170.
Total: 8.386000 ms (FindLiveObjects: 0.320000 ms CreateObjectMapping: 0.197200 ms MarkObjects: 4.235100 ms  DeleteObjects: 3.630000 ms)

========================================================================
Received Import Request.
  Time since last request: 239.411185 seconds.
  path: Assets/Scripts/Asteroid.cs
  artifactKey: Guid(af6660cd3b8cbc249a0f74119b8aaeb5) Importer(815301076,1909f56bfc062723c751e8b465ee728b)
Start importing Assets/Scripts/Asteroid.cs using Guid(af6660cd3b8cbc249a0f74119b8aaeb5) Importer(815301076,1909f56bfc062723c751e8b465ee728b)  -> (artifact id: '122258918efda4c8b8fc256429821c85') in 0.153778 seconds 
========================================================================
Received Prepare
Registering precompiled user dll's ...
Registered in 0.006241 seconds.
Begin MonoManager ReloadAssembly
Native extension for WindowsStandalone target not found
Refreshing native plugins compatible for Editor in 1.20 ms, found 1 plugins.
Preloading 0 native plugins for Editor in 0.00 ms.
Mono: successfully reloaded assembly
- Completed reload, in  2.750 seconds
Platform modules already initialized, skipping
Shader 'Custom/AdditiveTintable': fallback shader 'Particles/Additive (Soft)' not found
Refreshing native plugins compatible for Editor in 0.82 ms, found 1 plugins.
Preloading 0 native plugins for Editor in 0.00 ms.
Unloading 2691 Unused Serialized files (Serialized files now loaded: 0)
System memory in use before: 106.5 MB.
System memory in use after: 105.9 MB.

Unloading 13 unused Assets to reduce memory usage. Loaded Objects now: 3173.
Total: 5.658100 ms (FindLiveObjects: 0.311300 ms CreateObjectMapping: 0.220900 ms MarkObjects: 4.724000 ms  DeleteObjects: 0.398700 ms)

========================================================================
Received Import Request.
  Time since last request: 201.057877 seconds.
  path: Assets/Prefabs/Asteroid.prefab
  artifactKey: Guid(9bd8af89a5a97104a8fdf1b09594b9aa) Importer(815301076,1909f56bfc062723c751e8b465ee728b)
Start importing Assets/Prefabs/Asteroid.prefab using Guid(9bd8af89a5a97104a8fdf1b09594b9aa) Importer(815301076,1909f56bfc062723c751e8b465ee728b)  -> (artifact id: '8a7492eebd2b40fcc356f337a99fa623') in 0.951124 seconds 
========================================================================
Received Import Request.
  Time since last request: 13.283985 seconds.
  path: Assets/Prefabs/Asteroid.prefab
  artifactKey: Guid(9bd8af89a5a97104a8fdf1b09594b9aa) Importer(815301076,1909f56bfc062723c751e8b465ee728b)
Start importing Assets/Prefabs/Asteroid.prefab using Guid(9bd8af89a5a97104a8fdf1b09594b9aa) Importer(815301076,1909f56bfc062723c751e8b465ee728b)  -> (artifact id: '60105b149477bd008b057d914cd94355') in 0.039378 seconds 
========================================================================
Received Prepare
Registering precompiled user dll's ...
Registered in 0.018853 seconds.
Begin MonoManager ReloadAssembly
Native extension for WindowsStandalone target not found
Refreshing native plugins compatible for Editor in 0.81 ms, found 1 plugins.
Preloading 0 native plugins for Editor in 0.00 ms.
Mono: successfully reloaded assembly
- Completed reload, in  3.293 seconds
Platform modules already initialized, skipping
Shader 'Custom/AdditiveTintable': fallback shader 'Particles/Additive (Soft)' not found
Refreshing native plugins compatible for Editor in 1.36 ms, found 1 plugins.
Preloading 0 native plugins for Editor in 0.00 ms.
Unloading 2691 Unused Serialized files (Serialized files now loaded: 0)
System memory in use before: 106.5 MB.
System memory in use after: 106.0 MB.

Unloading 13 unused Assets to reduce memory usage. Loaded Objects now: 3177.
Total: 4.055600 ms (FindLiveObjects: 0.363000 ms CreateObjectMapping: 0.305500 ms MarkObjects: 2.980900 ms  DeleteObjects: 0.402900 ms)

========================================================================
Received Prepare
Registering precompiled user dll's ...
Registered in 0.007533 seconds.
Begin MonoManager ReloadAssembly
Native extension for WindowsStandalone target not found
Refreshing native plugins compatible for Editor in 1.04 ms, found 1 plugins.
Preloading 0 native plugins for Editor in 0.00 ms.
Mono: successfully reloaded assembly
- Completed reload, in  6.380 seconds
Platform modules already initialized, skipping
Shader 'Custom/AdditiveTintable': fallback shader 'Particles/Additive (Soft)' not found
Refreshing native plugins compatible for Editor in 0.83 ms, found 1 plugins.
Preloading 0 native plugins for Editor in 0.00 ms.
Unloading 2691 Unused Serialized files (Serialized files now loaded: 0)
System memory in use before: 106.5 MB.
System memory in use after: 106.0 MB.

Unloading 13 unused Assets to reduce memory usage. Loaded Objects now: 3180.
Total: 4.900000 ms (FindLiveObjects: 0.425800 ms CreateObjectMapping: 0.470800 ms MarkObjects: 3.469700 ms  DeleteObjects: 0.530500 ms)

========================================================================
Received Prepare
Registering precompiled user dll's ...
Registered in 0.006112 seconds.
Begin MonoManager ReloadAssembly
Native extension for WindowsStandalone target not found
Refreshing native plugins compatible for Editor in 1.21 ms, found 1 plugins.
Preloading 0 native plugins for Editor in 0.00 ms.
Mono: successfully reloaded assembly
- Completed reload, in  3.574 seconds
Platform modules already initialized, skipping
Shader 'Custom/AdditiveTintable': fallback shader 'Particles/Additive (Soft)' not found
Refreshing native plugins compatible for Editor in 1.16 ms, found 1 plugins.
Preloading 0 native plugins for Editor in 0.00 ms.
Unloading 2691 Unused Serialized files (Serialized files now loaded: 0)
System memory in use before: 106.5 MB.
System memory in use after: 106.0 MB.

Unloading 13 unused Assets to reduce memory usage. Loaded Objects now: 3183.
Total: 6.614600 ms (FindLiveObjects: 0.339900 ms CreateObjectMapping: 0.265100 ms MarkObjects: 5.529700 ms  DeleteObjects: 0.476800 ms)

========================================================================
Received Prepare
Registering precompiled user dll's ...
Registered in 0.014873 seconds.
Begin MonoManager ReloadAssembly
Native extension for WindowsStandalone target not found
Refreshing native plugins compatible for Editor in 0.85 ms, found 1 plugins.
Preloading 0 native plugins for Editor in 0.00 ms.
Mono: successfully reloaded assembly
- Completed reload, in  3.913 seconds
Platform modules already initialized, skipping
Shader 'Custom/AdditiveTintable': fallback shader 'Particles/Additive (Soft)' not found
Refreshing native plugins compatible for Editor in 0.84 ms, found 1 plugins.
Preloading 0 native plugins for Editor in 0.00 ms.
Unloading 2691 Unused Serialized files (Serialized files now loaded: 0)
System memory in use before: 106.5 MB.
System memory in use after: 106.0 MB.

Unloading 13 unused Assets to reduce memory usage. Loaded Objects now: 3186.
Total: 5.058400 ms (FindLiveObjects: 0.434400 ms CreateObjectMapping: 0.359900 ms MarkObjects: 3.818200 ms  DeleteObjects: 0.442600 ms)

========================================================================
Received Import Request.
  Time since last request: 976.671917 seconds.
  path: Assets/Prefabs/Asteroid.prefab
  artifactKey: Guid(9bd8af89a5a97104a8fdf1b09594b9aa) Importer(815301076,1909f56bfc062723c751e8b465ee728b)
Start importing Assets/Prefabs/Asteroid.prefab using Guid(9bd8af89a5a97104a8fdf1b09594b9aa) Importer(815301076,1909f56bfc062723c751e8b465ee728b)  -> (artifact id: 'd6a654af00fe7bd95e64ed86287fe634') in 0.322188 seconds 
========================================================================
Received Import Request.
  Time since last request: 1.935370 seconds.
  path: Assets/Scripts/Asteroid.cs
  artifactKey: Guid(af6660cd3b8cbc249a0f74119b8aaeb5) Importer(815301076,1909f56bfc062723c751e8b465ee728b)
Start importing Assets/Scripts/Asteroid.cs using Guid(af6660cd3b8cbc249a0f74119b8aaeb5) Importer(815301076,1909f56bfc062723c751e8b465ee728b)  -> (artifact id: 'f4b1fc609160e9ff2fea6459db60b5a1') in 0.010538 seconds 
========================================================================
Received Prepare
Registering precompiled user dll's ...
Registered in 0.005409 seconds.
Begin MonoManager ReloadAssembly
Native extension for WindowsStandalone target not found
Refreshing native plugins compatible for Editor in 0.83 ms, found 1 plugins.
Preloading 0 native plugins for Editor in 0.00 ms.
Mono: successfully reloaded assembly
- Completed reload, in  2.552 seconds
Platform modules already initialized, skipping
Shader 'Custom/AdditiveTintable': fallback shader 'Particles/Additive (Soft)' not found
Refreshing native plugins compatible for Editor in 1.07 ms, found 1 plugins.
Preloading 0 native plugins for Editor in 0.00 ms.
Unloading 2691 Unused Serialized files (Serialized files now loaded: 0)
System memory in use before: 106.5 MB.
System memory in use after: 106.0 MB.

Unloading 13 unused Assets to reduce memory usage. Loaded Objects now: 3190.
Total: 4.902200 ms (FindLiveObjects: 0.318500 ms CreateObjectMapping: 0.502500 ms MarkObjects: 3.673500 ms  DeleteObjects: 0.404700 ms)

AssetImportWorkerClient::OnTransportError - code=2 error=End of file
